#
# A fatal error has been detected by the Java Runtime Environment:
#
#  Internal Error (safepoint.cpp:919), pid=13152, tid=37639
#  fatal error: Illegal threadstate encountered: 4
#
# JRE version: OpenJDK Runtime Environment Temurin-11.0.14.1+1 (11.0.14.1+1) (build 11.0.14.1+1)
# Java VM: OpenJDK 64-Bit Server VM Temurin-11.0.14.1+1 (11.0.14.1+1, mixed mode, tiered, compressed oops, g1 gc, bsd-amd64)
# No core dump will be written. Core dumps have been disabled. To enable core dumping, try "ulimit -c unlimited" before starting Java again
#
# If you would like to submit a bug report, please visit:
#   https://github.com/adoptium/adoptium-support/issues
# The crash happened outside the Java Virtual Machine in native code.
# See problematic frame for where to report the bug.
#

---------------  S U M M A R Y ------------

Command Line: -Dfile.encoding=UTF-8 it.polito.tdp.crimes.Main

Host: MacBookPro12,1 x86_64 2700 MHz, 4 cores, 8G, Darwin 21.3.0
Time: Fri May 27 12:02:56 2022 CEST elapsed time: 5.461477 seconds (0d 0h 0m 5s)

---------------  T H R E A D  ---------------

Current thread (0x00007fa0e99b3800):  JavaThread "InvokeLaterDispatcher" daemon [_thread_in_native, id=37639, stack(0x000070000c8f7000,0x000070000c9f7000)]

Stack: [0x000070000c8f7000,0x000070000c9f7000],  sp=0x000070000c9f52d0,  free space=1016k
Native frames: (J=compiled Java code, A=aot compiled Java code, j=interpreted, Vv=VM code, C=native code)
V  [libjvm.dylib+0x7c5ab3]  _ZN7VMError14report_and_dieEiPKcS1_P13__va_list_tagP6ThreadPhPvS7_S1_im+0x601
V  [libjvm.dylib+0x276985]  _Z12report_fatal11VMErrorTypePKciS1_z+0xc0
V  [libjvm.dylib+0x69bc15]  _ZN20SafepointSynchronize5blockEP10JavaThread+0x1d9
V  [libjvm.dylib+0x69d183]  _ZN18SafepointMechanism23block_if_requested_slowEP10JavaThread+0x1d
V  [libjvm.dylib+0x77e5c4]  _ZN10JavaThread44check_safepoint_and_suspend_for_native_transEPS_+0x9c
V  [libjvm.dylib+0x3f36ae]  jni_DeleteGlobalRef+0x93
C  [libglass.dylib+0x8871]  -[GlassRunnable dealloc]+0x31
C  [Foundation+0x80eab]  -[_NSThreadPerformInfo dealloc]+0x2a
C  [Foundation+0x4dcd7]  -[NSObject(NSThreadPerformAdditions) performSelectorOnMainThread:withObject:waitUntilDone:]+0x7c
j  com.sun.glass.ui.mac.MacApplication._submitForLaterInvocation(Ljava/lang/Runnable;)V+0
j  com.sun.glass.ui.mac.MacApplication.submitForLaterInvocation(Ljava/lang/Runnable;)V+2
j  com.sun.glass.ui.InvokeLaterDispatcher.run()V+82
v  ~StubRoutines::call_stub
V  [libjvm.dylib+0x3b7c22]  _ZN9JavaCalls11call_helperEP9JavaValueRK12methodHandleP17JavaCallArgumentsP6Thread+0x1fe
V  [libjvm.dylib+0x3b7088]  _ZN9JavaCalls12call_virtualEP9JavaValueP5KlassP6SymbolS5_P17JavaCallArgumentsP6Thread+0xee
V  [libjvm.dylib+0x3b7144]  _ZN9JavaCalls12call_virtualEP9JavaValue6HandleP5KlassP6SymbolS6_P6Thread+0x62
V  [libjvm.dylib+0x43dfce]  _ZL12thread_entryP10JavaThreadP6Thread+0x78
V  [libjvm.dylib+0x77d03c]  _ZN10JavaThread17thread_main_innerEv+0x82
V  [libjvm.dylib+0x77ce86]  _ZN10JavaThread3runEv+0x122
V  [libjvm.dylib+0x77ada0]  _ZN6Thread8call_runEv+0x68
V  [libjvm.dylib+0x6291d1]  _ZL19thread_native_entryP6Thread+0x139
C  [libsystem_pthread.dylib+0x64f4]  _pthread_start+0x7d
C  [libsystem_pthread.dylib+0x200f]  thread_start+0xf

Java frames: (J=compiled Java code, j=interpreted, Vv=VM code)
j  com.sun.glass.ui.mac.MacApplication._submitForLaterInvocation(Ljava/lang/Runnable;)V+0
j  com.sun.glass.ui.mac.MacApplication.submitForLaterInvocation(Ljava/lang/Runnable;)V+2
j  com.sun.glass.ui.InvokeLaterDispatcher.run()V+82
v  ~StubRoutines::call_stub

---------------  P R O C E S S  ---------------

Threads class SMR info:
_java_thread_list=0x000060000016d920, length=16, elements={
0x00007fa0ea80b000, 0x00007fa0e904a000, 0x00007fa0e904f000, 0x00007fa0e9854800,
0x00007fa0ea842800, 0x00007fa0ea841800, 0x00007fa0ea84a000, 0x00007fa0ea84b000,
0x00007fa0e98b2000, 0x00007fa0ea8cf000, 0x00007fa0e9058000, 0x00007fa0e99b3800,
0x00007fa0e99b6800, 0x00007fa0eb16c800, 0x00007fa0e945b000, 0x00007fa0e9431000
}

Java Threads: ( => current thread )
  0x00007fa0ea80b000 JavaThread "main" [_thread_blocked, id=9987, stack(0x000070000b5bb000,0x000070000b6bb000)]
  0x00007fa0e904a000 JavaThread "Reference Handler" daemon [_thread_blocked, id=13315, stack(0x000070000bcd0000,0x000070000bdd0000)]
  0x00007fa0e904f000 JavaThread "Finalizer" daemon [_thread_blocked, id=14083, stack(0x000070000bdd3000,0x000070000bed3000)]
  0x00007fa0e9854800 JavaThread "Signal Dispatcher" daemon [_thread_blocked, id=15875, stack(0x000070000bfdc000,0x000070000c0dc000)]
  0x00007fa0ea842800 JavaThread "Service Thread" daemon [_thread_blocked, id=22019, stack(0x000070000c0df000,0x000070000c1df000)]
  0x00007fa0ea841800 JavaThread "C2 CompilerThread0" daemon [_thread_blocked, id=43267, stack(0x000070000c1e2000,0x000070000c2e2000)]
  0x00007fa0ea84a000 JavaThread "C1 CompilerThread0" daemon [_thread_blocked, id=23299, stack(0x000070000c2e5000,0x000070000c3e5000)]
  0x00007fa0ea84b000 JavaThread "Sweeper thread" daemon [_thread_blocked, id=43011, stack(0x000070000c3e8000,0x000070000c4e8000)]
  0x00007fa0e98b2000 JavaThread "Common-Cleaner" daemon [_thread_blocked, id=24579, stack(0x000070000c5ee000,0x000070000c6ee000)]
  0x00007fa0ea8cf000 JavaThread "JavaFX-Launcher" [_thread_blocked, id=41987, stack(0x000070000c6f1000,0x000070000c7f1000)]
  0x00007fa0e9058000 JavaThread "QuantumRenderer-0" daemon [_thread_blocked, id=41731, stack(0x000070000c7f4000,0x000070000c8f4000)]
=>0x00007fa0e99b3800 JavaThread "InvokeLaterDispatcher" daemon [_thread_in_native, id=37639, stack(0x000070000c8f7000,0x000070000c9f7000)]
  0x00007fa0e99b6800 JavaThread "JavaFX Application Thread" [_thread_in_native, id=259, stack(0x00007ff7be5c5000,0x00007ff7bedc5000)]
  0x00007fa0eb16c800 JavaThread "Thread-3" daemon [_thread_in_native, id=47371, stack(0x000070000c9fa000,0x000070000ca7a000)]
  0x00007fa0e945b000 JavaThread "Prism Font Disposer" daemon [_thread_blocked, id=57631, stack(0x000070000ce8c000,0x000070000cf8c000)]
  0x00007fa0e9431000 JavaThread "Cleaner-0" daemon [_thread_blocked, id=62723, stack(0x000070000d012000,0x000070000d112000)]

Other Threads:
  0x00007fa0eb041000 VMThread "VM Thread" [stack: 0x000070000bbcd000,0x000070000bccd000] [id=13059]
  0x00007fa0e98a7800 WatcherThread [stack: 0x000070000c4eb000,0x000070000c5eb000] [id=24067]
  0x00007fa0e980d000 GCTaskThread "GC Thread#0" [stack: 0x000070000b6be000,0x000070000b7be000] [id=11523]
  0x00007fa0e99c0800 GCTaskThread "GC Thread#1" [stack: 0x000070000cb83000,0x000070000cc83000] [id=78343]
  0x00007fa0e9a51800 GCTaskThread "GC Thread#2" [stack: 0x000070000cc86000,0x000070000cd86000] [id=55043]
  0x00007fa0e9a5e000 GCTaskThread "GC Thread#3" [stack: 0x000070000cd89000,0x000070000ce89000] [id=55555]
  0x00007fa0e9838000 ConcurrentGCThread "G1 Main Marker" [stack: 0x000070000b7c1000,0x000070000b8c1000] [id=20483]
  0x00007fa0e9839000 ConcurrentGCThread "G1 Conc#0" [stack: 0x000070000b8c4000,0x000070000b9c4000] [id=19971]
  0x00007fa0ea820800 ConcurrentGCThread "G1 Refine#0" [stack: 0x000070000b9c7000,0x000070000bac7000] [id=19459]
  0x00007fa0ea821000 ConcurrentGCThread "G1 Young RemSet Sampling" [stack: 0x000070000baca000,0x000070000bbca000] [id=18947]

Threads with active compile tasks:

VM state:not at safepoint (normal execution)

VM Mutex/Monitor currently owned by a thread: None

Heap address: 0x0000000780000000, size: 2048 MB, Compressed Oops mode: Zero based, Oop shift amount: 3
Narrow klass base: 0x0000000800000000, Narrow klass shift: 0
Compressed class space size: 1073741824 Address: 0x0000000800000000

Heap:
 garbage-first heap   total 131072K, used 19158K [0x0000000780000000, 0x0000000800000000)
  region size 1024K, 15 young (15360K), 4 survivors (4096K)
 Metaspace       used 23221K, capacity 24197K, committed 24448K, reserved 1071104K
  class space    used 2989K, capacity 3423K, committed 3456K, reserved 1048576K
Heap Regions: E=young(eden), S=young(survivor), O=old, HS=humongous(starts), HC=humongous(continues), CS=collection set, F=free, A=archive, TAMS=top-at-mark-start (previous, next)
|   0|0x0000000780000000, 0x0000000780100000, 0x0000000780100000|100%| O|  |TAMS 0x0000000780100000, 0x0000000780000000| Untracked 
|   1|0x0000000780100000, 0x0000000780200000, 0x0000000780200000|100%| O|  |TAMS 0x0000000780200000, 0x0000000780100000| Untracked 
|   2|0x0000000780200000, 0x00000007802c5400, 0x0000000780300000| 77%| O|  |TAMS 0x00000007802c5400, 0x0000000780200000| Untracked 
|   3|0x0000000780300000, 0x0000000780400000, 0x0000000780400000|100%|HS|  |TAMS 0x0000000780300000, 0x0000000780300000| Complete 
|   4|0x0000000780400000, 0x0000000780500000, 0x0000000780500000|100%|HC|  |TAMS 0x0000000780400000, 0x0000000780400000| Complete 
|   5|0x0000000780500000, 0x0000000780500000, 0x0000000780600000|  0%| F|  |TAMS 0x0000000780500000, 0x0000000780500000| Untracked 
|   6|0x0000000780600000, 0x0000000780600000, 0x0000000780700000|  0%| F|  |TAMS 0x0000000780600000, 0x0000000780600000| Untracked 
|   7|0x0000000780700000, 0x0000000780700000, 0x0000000780800000|  0%| F|  |TAMS 0x0000000780700000, 0x0000000780700000| Untracked 
|   8|0x0000000780800000, 0x0000000780800000, 0x0000000780900000|  0%| F|  |TAMS 0x0000000780800000, 0x0000000780800000| Untracked 
|   9|0x0000000780900000, 0x0000000780900000, 0x0000000780a00000|  0%| F|  |TAMS 0x0000000780900000, 0x0000000780900000| Untracked 
|  10|0x0000000780a00000, 0x0000000780a00000, 0x0000000780b00000|  0%| F|  |TAMS 0x0000000780a00000, 0x0000000780a00000| Untracked 
|  11|0x0000000780b00000, 0x0000000780b00000, 0x0000000780c00000|  0%| F|  |TAMS 0x0000000780b00000, 0x0000000780b00000| Untracked 
|  12|0x0000000780c00000, 0x0000000780c00000, 0x0000000780d00000|  0%| F|  |TAMS 0x0000000780c00000, 0x0000000780c00000| Untracked 
|  13|0x0000000780d00000, 0x0000000780d00000, 0x0000000780e00000|  0%| F|  |TAMS 0x0000000780d00000, 0x0000000780d00000| Untracked 
|  14|0x0000000780e00000, 0x0000000780e00000, 0x0000000780f00000|  0%| F|  |TAMS 0x0000000780e00000, 0x0000000780e00000| Untracked 
|  15|0x0000000780f00000, 0x0000000780f00000, 0x0000000781000000|  0%| F|  |TAMS 0x0000000780f00000, 0x0000000780f00000| Untracked 
|  16|0x0000000781000000, 0x0000000781000000, 0x0000000781100000|  0%| F|  |TAMS 0x0000000781000000, 0x0000000781000000| Untracked 
|  17|0x0000000781100000, 0x0000000781100000, 0x0000000781200000|  0%| F|  |TAMS 0x0000000781100000, 0x0000000781100000| Untracked 
|  18|0x0000000781200000, 0x0000000781200000, 0x0000000781300000|  0%| F|  |TAMS 0x0000000781200000, 0x0000000781200000| Untracked 
|  19|0x0000000781300000, 0x0000000781300000, 0x0000000781400000|  0%| F|  |TAMS 0x0000000781300000, 0x0000000781300000| Untracked 
|  20|0x0000000781400000, 0x0000000781400000, 0x0000000781500000|  0%| F|  |TAMS 0x0000000781400000, 0x0000000781400000| Untracked 
|  21|0x0000000781500000, 0x0000000781500000, 0x0000000781600000|  0%| F|  |TAMS 0x0000000781500000, 0x0000000781500000| Untracked 
|  22|0x0000000781600000, 0x0000000781600000, 0x0000000781700000|  0%| F|  |TAMS 0x0000000781600000, 0x0000000781600000| Untracked 
|  23|0x0000000781700000, 0x0000000781700000, 0x0000000781800000|  0%| F|  |TAMS 0x0000000781700000, 0x0000000781700000| Untracked 
|  24|0x0000000781800000, 0x0000000781800000, 0x0000000781900000|  0%| F|  |TAMS 0x0000000781800000, 0x0000000781800000| Untracked 
|  25|0x0000000781900000, 0x0000000781900000, 0x0000000781a00000|  0%| F|  |TAMS 0x0000000781900000, 0x0000000781900000| Untracked 
|  26|0x0000000781a00000, 0x0000000781a00000, 0x0000000781b00000|  0%| F|  |TAMS 0x0000000781a00000, 0x0000000781a00000| Untracked 
|  27|0x0000000781b00000, 0x0000000781b00000, 0x0000000781c00000|  0%| F|  |TAMS 0x0000000781b00000, 0x0000000781b00000| Untracked 
|  28|0x0000000781c00000, 0x0000000781c00000, 0x0000000781d00000|  0%| F|  |TAMS 0x0000000781c00000, 0x0000000781c00000| Untracked 
|  29|0x0000000781d00000, 0x0000000781d00000, 0x0000000781e00000|  0%| F|  |TAMS 0x0000000781d00000, 0x0000000781d00000| Untracked 
|  30|0x0000000781e00000, 0x0000000781e00000, 0x0000000781f00000|  0%| F|  |TAMS 0x0000000781e00000, 0x0000000781e00000| Untracked 
|  31|0x0000000781f00000, 0x0000000781f00000, 0x0000000782000000|  0%| F|  |TAMS 0x0000000781f00000, 0x0000000781f00000| Untracked 
|  32|0x0000000782000000, 0x0000000782000000, 0x0000000782100000|  0%| F|  |TAMS 0x0000000782000000, 0x0000000782000000| Untracked 
|  33|0x0000000782100000, 0x0000000782100000, 0x0000000782200000|  0%| F|  |TAMS 0x0000000782100000, 0x0000000782100000| Untracked 
|  34|0x0000000782200000, 0x0000000782200000, 0x0000000782300000|  0%| F|  |TAMS 0x0000000782200000, 0x0000000782200000| Untracked 
|  35|0x0000000782300000, 0x0000000782300000, 0x0000000782400000|  0%| F|  |TAMS 0x0000000782300000, 0x0000000782300000| Untracked 
|  36|0x0000000782400000, 0x0000000782400000, 0x0000000782500000|  0%| F|  |TAMS 0x0000000782400000, 0x0000000782400000| Untracked 
|  37|0x0000000782500000, 0x0000000782500000, 0x0000000782600000|  0%| F|  |TAMS 0x0000000782500000, 0x0000000782500000| Untracked 
|  38|0x0000000782600000, 0x0000000782600000, 0x0000000782700000|  0%| F|  |TAMS 0x0000000782600000, 0x0000000782600000| Untracked 
|  39|0x0000000782700000, 0x0000000782700000, 0x0000000782800000|  0%| F|  |TAMS 0x0000000782700000, 0x0000000782700000| Untracked 
|  40|0x0000000782800000, 0x0000000782800000, 0x0000000782900000|  0%| F|  |TAMS 0x0000000782800000, 0x0000000782800000| Untracked 
|  41|0x0000000782900000, 0x0000000782900000, 0x0000000782a00000|  0%| F|  |TAMS 0x0000000782900000, 0x0000000782900000| Untracked 
|  42|0x0000000782a00000, 0x0000000782a00000, 0x0000000782b00000|  0%| F|  |TAMS 0x0000000782a00000, 0x0000000782a00000| Untracked 
|  43|0x0000000782b00000, 0x0000000782b00000, 0x0000000782c00000|  0%| F|  |TAMS 0x0000000782b00000, 0x0000000782b00000| Untracked 
|  44|0x0000000782c00000, 0x0000000782c00000, 0x0000000782d00000|  0%| F|  |TAMS 0x0000000782c00000, 0x0000000782c00000| Untracked 
|  45|0x0000000782d00000, 0x0000000782d00000, 0x0000000782e00000|  0%| F|  |TAMS 0x0000000782d00000, 0x0000000782d00000| Untracked 
|  46|0x0000000782e00000, 0x0000000782e00000, 0x0000000782f00000|  0%| F|  |TAMS 0x0000000782e00000, 0x0000000782e00000| Untracked 
|  47|0x0000000782f00000, 0x0000000782f00000, 0x0000000783000000|  0%| F|  |TAMS 0x0000000782f00000, 0x0000000782f00000| Untracked 
|  48|0x0000000783000000, 0x0000000783000000, 0x0000000783100000|  0%| F|  |TAMS 0x0000000783000000, 0x0000000783000000| Untracked 
|  49|0x0000000783100000, 0x0000000783100000, 0x0000000783200000|  0%| F|  |TAMS 0x0000000783100000, 0x0000000783100000| Untracked 
|  50|0x0000000783200000, 0x0000000783200000, 0x0000000783300000|  0%| F|  |TAMS 0x0000000783200000, 0x0000000783200000| Untracked 
|  51|0x0000000783300000, 0x0000000783300000, 0x0000000783400000|  0%| F|  |TAMS 0x0000000783300000, 0x0000000783300000| Untracked 
|  52|0x0000000783400000, 0x0000000783400000, 0x0000000783500000|  0%| F|  |TAMS 0x0000000783400000, 0x0000000783400000| Untracked 
|  53|0x0000000783500000, 0x0000000783500000, 0x0000000783600000|  0%| F|  |TAMS 0x0000000783500000, 0x0000000783500000| Untracked 
|  54|0x0000000783600000, 0x0000000783600000, 0x0000000783700000|  0%| F|  |TAMS 0x0000000783600000, 0x0000000783600000| Untracked 
|  55|0x0000000783700000, 0x0000000783700000, 0x0000000783800000|  0%| F|  |TAMS 0x0000000783700000, 0x0000000783700000| Untracked 
|  56|0x0000000783800000, 0x0000000783800000, 0x0000000783900000|  0%| F|  |TAMS 0x0000000783800000, 0x0000000783800000| Untracked 
|  57|0x0000000783900000, 0x0000000783900000, 0x0000000783a00000|  0%| F|  |TAMS 0x0000000783900000, 0x0000000783900000| Untracked 
|  58|0x0000000783a00000, 0x0000000783a00000, 0x0000000783b00000|  0%| F|  |TAMS 0x0000000783a00000, 0x0000000783a00000| Untracked 
|  59|0x0000000783b00000, 0x0000000783b00000, 0x0000000783c00000|  0%| F|  |TAMS 0x0000000783b00000, 0x0000000783b00000| Untracked 
|  60|0x0000000783c00000, 0x0000000783c00000, 0x0000000783d00000|  0%| F|  |TAMS 0x0000000783c00000, 0x0000000783c00000| Untracked 
|  61|0x0000000783d00000, 0x0000000783d00000, 0x0000000783e00000|  0%| F|  |TAMS 0x0000000783d00000, 0x0000000783d00000| Untracked 
|  62|0x0000000783e00000, 0x0000000783e00000, 0x0000000783f00000|  0%| F|  |TAMS 0x0000000783e00000, 0x0000000783e00000| Untracked 
|  63|0x0000000783f00000, 0x0000000783f00000, 0x0000000784000000|  0%| F|  |TAMS 0x0000000783f00000, 0x0000000783f00000| Untracked 
|  64|0x0000000784000000, 0x0000000784000000, 0x0000000784100000|  0%| F|  |TAMS 0x0000000784000000, 0x0000000784000000| Untracked 
|  65|0x0000000784100000, 0x0000000784100000, 0x0000000784200000|  0%| F|  |TAMS 0x0000000784100000, 0x0000000784100000| Untracked 
|  66|0x0000000784200000, 0x0000000784200000, 0x0000000784300000|  0%| F|  |TAMS 0x0000000784200000, 0x0000000784200000| Untracked 
|  67|0x0000000784300000, 0x0000000784300000, 0x0000000784400000|  0%| F|  |TAMS 0x0000000784300000, 0x0000000784300000| Untracked 
|  68|0x0000000784400000, 0x0000000784400000, 0x0000000784500000|  0%| F|  |TAMS 0x0000000784400000, 0x0000000784400000| Untracked 
|  69|0x0000000784500000, 0x0000000784500000, 0x0000000784600000|  0%| F|  |TAMS 0x0000000784500000, 0x0000000784500000| Untracked 
|  70|0x0000000784600000, 0x0000000784600000, 0x0000000784700000|  0%| F|  |TAMS 0x0000000784600000, 0x0000000784600000| Untracked 
|  71|0x0000000784700000, 0x0000000784700000, 0x0000000784800000|  0%| F|  |TAMS 0x0000000784700000, 0x0000000784700000| Untracked 
|  72|0x0000000784800000, 0x0000000784800000, 0x0000000784900000|  0%| F|  |TAMS 0x0000000784800000, 0x0000000784800000| Untracked 
|  73|0x0000000784900000, 0x0000000784900000, 0x0000000784a00000|  0%| F|  |TAMS 0x0000000784900000, 0x0000000784900000| Untracked 
|  74|0x0000000784a00000, 0x0000000784a00000, 0x0000000784b00000|  0%| F|  |TAMS 0x0000000784a00000, 0x0000000784a00000| Untracked 
|  75|0x0000000784b00000, 0x0000000784b00000, 0x0000000784c00000|  0%| F|  |TAMS 0x0000000784b00000, 0x0000000784b00000| Untracked 
|  76|0x0000000784c00000, 0x0000000784c00000, 0x0000000784d00000|  0%| F|  |TAMS 0x0000000784c00000, 0x0000000784c00000| Untracked 
|  77|0x0000000784d00000, 0x0000000784d00000, 0x0000000784e00000|  0%| F|  |TAMS 0x0000000784d00000, 0x0000000784d00000| Untracked 
|  78|0x0000000784e00000, 0x0000000784e00000, 0x0000000784f00000|  0%| F|  |TAMS 0x0000000784e00000, 0x0000000784e00000| Untracked 
|  79|0x0000000784f00000, 0x0000000784f00000, 0x0000000785000000|  0%| F|  |TAMS 0x0000000784f00000, 0x0000000784f00000| Untracked 
|  80|0x0000000785000000, 0x0000000785000000, 0x0000000785100000|  0%| F|  |TAMS 0x0000000785000000, 0x0000000785000000| Untracked 
|  81|0x0000000785100000, 0x0000000785100000, 0x0000000785200000|  0%| F|  |TAMS 0x0000000785100000, 0x0000000785100000| Untracked 
|  82|0x0000000785200000, 0x0000000785200000, 0x0000000785300000|  0%| F|  |TAMS 0x0000000785200000, 0x0000000785200000| Untracked 
|  83|0x0000000785300000, 0x0000000785300000, 0x0000000785400000|  0%| F|  |TAMS 0x0000000785300000, 0x0000000785300000| Untracked 
|  84|0x0000000785400000, 0x0000000785400000, 0x0000000785500000|  0%| F|  |TAMS 0x0000000785400000, 0x0000000785400000| Untracked 
|  85|0x0000000785500000, 0x0000000785500000, 0x0000000785600000|  0%| F|  |TAMS 0x0000000785500000, 0x0000000785500000| Untracked 
|  86|0x0000000785600000, 0x0000000785600000, 0x0000000785700000|  0%| F|  |TAMS 0x0000000785600000, 0x0000000785600000| Untracked 
|  87|0x0000000785700000, 0x0000000785700000, 0x0000000785800000|  0%| F|  |TAMS 0x0000000785700000, 0x0000000785700000| Untracked 
|  88|0x0000000785800000, 0x0000000785800000, 0x0000000785900000|  0%| F|  |TAMS 0x0000000785800000, 0x0000000785800000| Untracked 
|  89|0x0000000785900000, 0x0000000785900000, 0x0000000785a00000|  0%| F|  |TAMS 0x0000000785900000, 0x0000000785900000| Untracked 
|  90|0x0000000785a00000, 0x0000000785a00000, 0x0000000785b00000|  0%| F|  |TAMS 0x0000000785a00000, 0x0000000785a00000| Untracked 
|  91|0x0000000785b00000, 0x0000000785b00000, 0x0000000785c00000|  0%| F|  |TAMS 0x0000000785b00000, 0x0000000785b00000| Untracked 
|  92|0x0000000785c00000, 0x0000000785c00000, 0x0000000785d00000|  0%| F|  |TAMS 0x0000000785c00000, 0x0000000785c00000| Untracked 
|  93|0x0000000785d00000, 0x0000000785d00000, 0x0000000785e00000|  0%| F|  |TAMS 0x0000000785d00000, 0x0000000785d00000| Untracked 
|  94|0x0000000785e00000, 0x0000000785e00000, 0x0000000785f00000|  0%| F|  |TAMS 0x0000000785e00000, 0x0000000785e00000| Untracked 
|  95|0x0000000785f00000, 0x0000000785f00000, 0x0000000786000000|  0%| F|  |TAMS 0x0000000785f00000, 0x0000000785f00000| Untracked 
|  96|0x0000000786000000, 0x0000000786000000, 0x0000000786100000|  0%| F|  |TAMS 0x0000000786000000, 0x0000000786000000| Untracked 
|  97|0x0000000786100000, 0x0000000786100000, 0x0000000786200000|  0%| F|  |TAMS 0x0000000786100000, 0x0000000786100000| Untracked 
|  98|0x0000000786200000, 0x0000000786200000, 0x0000000786300000|  0%| F|  |TAMS 0x0000000786200000, 0x0000000786200000| Untracked 
|  99|0x0000000786300000, 0x0000000786300000, 0x0000000786400000|  0%| F|  |TAMS 0x0000000786300000, 0x0000000786300000| Untracked 
| 100|0x0000000786400000, 0x0000000786400000, 0x0000000786500000|  0%| F|  |TAMS 0x0000000786400000, 0x0000000786400000| Untracked 
| 101|0x0000000786500000, 0x0000000786500000, 0x0000000786600000|  0%| F|  |TAMS 0x0000000786500000, 0x0000000786500000| Untracked 
| 102|0x0000000786600000, 0x0000000786600000, 0x0000000786700000|  0%| F|  |TAMS 0x0000000786600000, 0x0000000786600000| Untracked 
| 103|0x0000000786700000, 0x0000000786700000, 0x0000000786800000|  0%| F|  |TAMS 0x0000000786700000, 0x0000000786700000| Untracked 
| 104|0x0000000786800000, 0x00000007868f05a0, 0x0000000786900000| 93%| S|CS|TAMS 0x0000000786800000, 0x0000000786800000| Complete 
| 105|0x0000000786900000, 0x0000000786a00000, 0x0000000786a00000|100%| S|CS|TAMS 0x0000000786900000, 0x0000000786900000| Complete 
| 106|0x0000000786a00000, 0x0000000786b00000, 0x0000000786b00000|100%| S|CS|TAMS 0x0000000786a00000, 0x0000000786a00000| Complete 
| 107|0x0000000786b00000, 0x0000000786c00000, 0x0000000786c00000|100%| S|CS|TAMS 0x0000000786b00000, 0x0000000786b00000| Complete 
| 108|0x0000000786c00000, 0x0000000786c00000, 0x0000000786d00000|  0%| F|  |TAMS 0x0000000786c00000, 0x0000000786c00000| Untracked 
| 109|0x0000000786d00000, 0x0000000786d00000, 0x0000000786e00000|  0%| F|  |TAMS 0x0000000786d00000, 0x0000000786d00000| Untracked 
| 110|0x0000000786e00000, 0x0000000786e00000, 0x0000000786f00000|  0%| F|  |TAMS 0x0000000786e00000, 0x0000000786e00000| Untracked 
| 111|0x0000000786f00000, 0x0000000786f00000, 0x0000000787000000|  0%| F|  |TAMS 0x0000000786f00000, 0x0000000786f00000| Untracked 
| 112|0x0000000787000000, 0x0000000787000000, 0x0000000787100000|  0%| F|  |TAMS 0x0000000787000000, 0x0000000787000000| Untracked 
| 113|0x0000000787100000, 0x0000000787100000, 0x0000000787200000|  0%| F|  |TAMS 0x0000000787100000, 0x0000000787100000| Untracked 
| 114|0x0000000787200000, 0x0000000787200000, 0x0000000787300000|  0%| F|  |TAMS 0x0000000787200000, 0x0000000787200000| Untracked 
| 115|0x0000000787300000, 0x0000000787300000, 0x0000000787400000|  0%| F|  |TAMS 0x0000000787300000, 0x0000000787300000| Untracked 
| 116|0x0000000787400000, 0x0000000787400000, 0x0000000787500000|  0%| F|  |TAMS 0x0000000787400000, 0x0000000787400000| Untracked 
| 117|0x0000000787500000, 0x00000007875d6c08, 0x0000000787600000| 83%| E|  |TAMS 0x0000000787500000, 0x0000000787500000| Complete 
| 118|0x0000000787600000, 0x0000000787700000, 0x0000000787700000|100%| E|CS|TAMS 0x0000000787600000, 0x0000000787600000| Complete 
| 119|0x0000000787700000, 0x0000000787800000, 0x0000000787800000|100%| E|CS|TAMS 0x0000000787700000, 0x0000000787700000| Complete 
| 120|0x0000000787800000, 0x0000000787900000, 0x0000000787900000|100%| E|CS|TAMS 0x0000000787800000, 0x0000000787800000| Complete 
| 121|0x0000000787900000, 0x0000000787a00000, 0x0000000787a00000|100%| E|CS|TAMS 0x0000000787900000, 0x0000000787900000| Complete 
| 122|0x0000000787a00000, 0x0000000787b00000, 0x0000000787b00000|100%| E|CS|TAMS 0x0000000787a00000, 0x0000000787a00000| Complete 
| 123|0x0000000787b00000, 0x0000000787c00000, 0x0000000787c00000|100%| E|CS|TAMS 0x0000000787b00000, 0x0000000787b00000| Complete 
| 124|0x0000000787c00000, 0x0000000787d00000, 0x0000000787d00000|100%| E|CS|TAMS 0x0000000787c00000, 0x0000000787c00000| Complete 
| 125|0x0000000787d00000, 0x0000000787e00000, 0x0000000787e00000|100%| E|CS|TAMS 0x0000000787d00000, 0x0000000787d00000| Complete 
| 126|0x0000000787e00000, 0x0000000787f00000, 0x0000000787f00000|100%| E|CS|TAMS 0x0000000787e00000, 0x0000000787e00000| Complete 
| 127|0x0000000787f00000, 0x0000000788000000, 0x0000000788000000|100%| E|CS|TAMS 0x0000000787f00000, 0x0000000787f00000| Complete 

Card table byte_map: [0x0000000101909000,0x0000000101d09000] _byte_map_base: 0x00000000fdd09000

Marking Bits (Prev, Next): (CMBitMap*) 0x00007fa0e982f850, (CMBitMap*) 0x00007fa0e982f818
 Prev Bits: [0x000000010d93c000, 0x000000010f93c000)
 Next Bits: [0x000000010b93c000, 0x000000010d93c000)

Polling page: 0x000000010127a000

Metaspace:

Usage:
  Non-class:     20.29 MB capacity,    19.76 MB ( 97%) used,   427.72 KB (  2%) free+waste,   114.31 KB ( <1%) overhead. 
      Class:      3.34 MB capacity,     2.92 MB ( 87%) used,   376.08 KB ( 11%) free+waste,    57.62 KB (  2%) overhead. 
       Both:     23.63 MB capacity,    22.68 MB ( 96%) used,   803.80 KB (  3%) free+waste,   171.94 KB ( <1%) overhead. 

Virtual space:
  Non-class space:       22.00 MB reserved,      20.50 MB ( 93%) committed 
      Class space:        1.00 GB reserved,       3.38 MB ( <1%) committed 
             Both:        1.02 GB reserved,      23.88 MB (  2%) committed 

Chunk freelists:
   Non-Class:  66.00 KB
       Class:  1.00 KB
        Both:  67.00 KB

MaxMetaspaceSize: unlimited
CompressedClassSpaceSize: 1.00 GB
Initial GC threshold: 20.80 MB
Current GC threshold: 35.42 MB
CDS: off

CodeHeap 'non-profiled nmethods': size=120032Kb used=857Kb max_used=857Kb free=119174Kb
 bounds [0x0000000118012000, 0x0000000118282000, 0x000000011f54a000]
CodeHeap 'profiled nmethods': size=120032Kb used=4226Kb max_used=4226Kb free=115806Kb
 bounds [0x0000000110ada000, 0x0000000110f0a000, 0x0000000118012000]
CodeHeap 'non-nmethods': size=5696Kb used=1422Kb max_used=1448Kb free=4274Kb
 bounds [0x000000011054a000, 0x00000001107ba000, 0x0000000110ada000]
 total_blobs=2924 nmethods=2169 adapters=668
 compilation: enabled
              stopped_count=0, restarted_count=0
 full_count=0

Compilation events (20 events):
Event: 5.423 Thread 0x00007fa0ea84a000 nmethod 2166 0x00000001180e6a90 code [0x00000001180e6c40, 0x00000001180e6cf0]
Event: 5.434 Thread 0x00007fa0ea84a000 2167       1       com.sun.javafx.tk.quantum.WindowStage::setInAllowedEventHandler (6 bytes)
Event: 5.434 Thread 0x00007fa0ea84a000 nmethod 2167 0x00000001180e6d90 code [0x00000001180e6f40, 0x00000001180e6ff0]
Event: 5.434 Thread 0x00007fa0ea84a000 2168       1       com.sun.javafx.geom.PickRay::getNearClip (5 bytes)
Event: 5.434 Thread 0x00007fa0ea84a000 nmethod 2168 0x00000001180e7090 code [0x00000001180e7240, 0x00000001180e72f0]
Event: 5.435 Thread 0x00007fa0ea84a000 2169       1       com.sun.javafx.geom.PickRay::getFarClip (5 bytes)
Event: 5.435 Thread 0x00007fa0ea84a000 nmethod 2169 0x00000001180e7390 code [0x00000001180e7540, 0x00000001180e75f0]
Event: 5.435 Thread 0x00007fa0ea84a000 2170       3       javafx.scene.Node::sceneToLocal (21 bytes)
Event: 5.436 Thread 0x00007fa0ea84a000 nmethod 2170 0x0000000110ef6990 code [0x0000000110ef6c60, 0x0000000110ef8160]
Event: 5.436 Thread 0x00007fa0ea84a000 2171       3       javafx.scene.Node::parentToLocal (15 bytes)
Event: 5.436 Thread 0x00007fa0ea84a000 nmethod 2171 0x0000000110ef8590 code [0x0000000110ef8760, 0x0000000110ef89f0]
Event: 5.439 Thread 0x00007fa0ea84a000 2172       3       com.sun.javafx.geom.transform.Translate2D::transform (48 bytes)
Event: 5.439 Thread 0x00007fa0ea84a000 nmethod 2172 0x0000000110ef8b10 code [0x0000000110ef8ce0, 0x0000000110ef8f90]
Event: 5.439 Thread 0x00007fa0ea84a000 2173       1       javafx.scene.input.PickResult::getIntersectedPoint (5 bytes)
Event: 5.440 Thread 0x00007fa0ea84a000 nmethod 2173 0x00000001180e7690 code [0x00000001180e7840, 0x00000001180e78f0]
Event: 5.440 Thread 0x00007fa0ea84a000 2174       1       com.sun.javafx.event.BasicEventDispatcher::getPreviousDispatcher (5 bytes)
Event: 5.440 Thread 0x00007fa0ea84a000 nmethod 2174 0x00000001180e7990 code [0x00000001180e7b40, 0x00000001180e7bf0]
Event: 5.450 Thread 0x00007fa0ea84a000 2175       3       javafx.scene.Node::isDisable (19 bytes)
Event: 5.451 Thread 0x00007fa0ea84a000 nmethod 2175 0x0000000110ef9110 code [0x0000000110ef92e0, 0x0000000110ef9720]
Event: 5.456 Thread 0x00007fa0ea84a000 2177       3       com.sun.javafx.geom.transform.Translate2D::inverseTransform (48 bytes)

GC Heap History (6 events):
Event: 1.151 GC heap before
{Heap before GC invocations=0 (full 0):
 garbage-first heap   total 131072K, used 14336K [0x0000000780000000, 0x0000000800000000)
  region size 1024K, 14 young (14336K), 0 survivors (0K)
 Metaspace       used 10255K, capacity 10577K, committed 11008K, reserved 1058816K
  class space    used 1033K, capacity 1170K, committed 1280K, reserved 1048576K
}
Event: 1.155 GC heap after
{Heap after GC invocations=1 (full 0):
 garbage-first heap   total 131072K, used 3025K [0x0000000780000000, 0x0000000800000000)
  region size 1024K, 2 young (2048K), 2 survivors (2048K)
 Metaspace       used 10255K, capacity 10577K, committed 11008K, reserved 1058816K
  class space    used 1033K, capacity 1170K, committed 1280K, reserved 1048576K
}
Event: 1.629 GC heap before
{Heap before GC invocations=1 (full 0):
 garbage-first heap   total 131072K, used 15313K [0x0000000780000000, 0x0000000800000000)
  region size 1024K, 14 young (14336K), 2 survivors (2048K)
 Metaspace       used 14489K, capacity 14932K, committed 15104K, reserved 1062912K
  class space    used 1565K, capacity 1754K, committed 1792K, reserved 1048576K
}
Event: 1.638 GC heap after
{Heap after GC invocations=2 (full 0):
 garbage-first heap   total 131072K, used 4885K [0x0000000780000000, 0x0000000800000000)
  region size 1024K, 2 young (2048K), 2 survivors (2048K)
 Metaspace       used 14489K, capacity 14932K, committed 15104K, reserved 1062912K
  class space    used 1565K, capacity 1754K, committed 1792K, reserved 1048576K
}
Event: 2.954 GC heap before
{Heap before GC invocations=2 (full 0):
 garbage-first heap   total 131072K, used 22293K [0x0000000780000000, 0x0000000800000000)
  region size 1024K, 20 young (20480K), 2 survivors (2048K)
 Metaspace       used 20509K, capacity 21295K, committed 21296K, reserved 1067008K
  class space    used 2595K, capacity 2943K, committed 2944K, reserved 1048576K
}
Event: 2.965 GC heap after
{Heap after GC invocations=3 (full 0):
 garbage-first heap   total 131072K, used 6870K [0x0000000780000000, 0x0000000800000000)
  region size 1024K, 4 young (4096K), 4 survivors (4096K)
 Metaspace       used 20509K, capacity 21295K, committed 21296K, reserved 1067008K
  class space    used 2595K, capacity 2943K, committed 2944K, reserved 1048576K
}

Deoptimization events (20 events):
Event: 3.081 Thread 0x00007fa0e99b6800 Uncommon trap: trap_request=0xffffff4d fr.pc=0x00000001180a49d4 relative=0x00000000000004d4
Event: 3.081 Thread 0x00007fa0e99b6800 Uncommon trap: reason=unstable_if action=reinterpret pc=0x00000001180a49d4 method=com.sun.javafx.css.BitSet.add(Ljava/lang/Object;)Z @ 91 c2
Event: 3.081 Thread 0x00007fa0e99b6800 DEOPT PACKING pc=0x00000001180a49d4 sp=0x00007ff7bedbde70
Event: 3.081 Thread 0x00007fa0e99b6800 DEOPT UNPACKING pc=0x0000000110593ea5 sp=0x00007ff7bedbde30 mode 2
Event: 3.287 Thread 0x00007fa0e9058000 Uncommon trap: trap_request=0xffffff4d fr.pc=0x000000011809d834 relative=0x0000000000000654
Event: 3.287 Thread 0x00007fa0e9058000 Uncommon trap: reason=unstable_if action=reinterpret pc=0x000000011809d834 method=java.util.Arrays.equals([Ljava/lang/Object;[Ljava/lang/Object;)Z @ 23 c2
Event: 3.287 Thread 0x00007fa0e9058000 DEOPT PACKING pc=0x000000011809d834 sp=0x000070000c8f2640
Event: 3.287 Thread 0x00007fa0e9058000 DEOPT UNPACKING pc=0x0000000110593ea5 sp=0x000070000c8f2510 mode 2
Event: 3.379 Thread 0x00007fa0e9058000 DEOPT PACKING pc=0x0000000110eb37af sp=0x000070000c8f2080
Event: 3.379 Thread 0x00007fa0e9058000 DEOPT UNPACKING pc=0x000000011059464a sp=0x000070000c8f1500 mode 0
Event: 3.380 Thread 0x00007fa0e9058000 DEOPT PACKING pc=0x0000000110eb3755 sp=0x000070000c8f2080
Event: 3.380 Thread 0x00007fa0e9058000 DEOPT UNPACKING pc=0x000000011059464a sp=0x000070000c8f1500 mode 0
Event: 3.381 Thread 0x00007fa0e9058000 DEOPT PACKING pc=0x0000000110eb37af sp=0x000070000c8f2080
Event: 3.381 Thread 0x00007fa0e9058000 DEOPT UNPACKING pc=0x000000011059464a sp=0x000070000c8f1500 mode 0
Event: 3.382 Thread 0x00007fa0e9058000 DEOPT PACKING pc=0x0000000110eb37af sp=0x000070000c8f2080
Event: 3.382 Thread 0x00007fa0e9058000 DEOPT UNPACKING pc=0x000000011059464a sp=0x000070000c8f1500 mode 0
Event: 3.400 Thread 0x00007fa0e9058000 DEOPT PACKING pc=0x0000000110ebfb5b sp=0x000070000c8f2370
Event: 3.400 Thread 0x00007fa0e9058000 DEOPT UNPACKING pc=0x000000011059464a sp=0x000070000c8f1840 mode 0
Event: 3.417 Thread 0x00007fa0e9058000 DEOPT PACKING pc=0x0000000110ec4aee sp=0x000070000c8f26e0
Event: 3.417 Thread 0x00007fa0e9058000 DEOPT UNPACKING pc=0x000000011059464a sp=0x000070000c8f1b20 mode 0

Classes redefined (0 events):
No events

Internal exceptions (20 events):
Event: 1.173 Thread 0x00007fa0e99b6800 Exception <a 'java/lang/NoSuchMethodError'{0x0000000787f625a8}: 'java.lang.Object java.lang.invoke.DirectMethodHandle$Holder.invokeSpecial(java.lang.Object, java.lang.Object, int, int, java.lang.Object, java.lang.Object, java.lang.Object)'> (0x0000000787f625a8) thrown at [./src/hotspot/share/interpreter/linkResolver.cpp, line 773]
Event: 1.173 Thread 0x00007fa0e99b6800 Exception <a 'java/lang/NoSuchMethodError'{0x0000000787f65b38}: 'java.lang.Object java.lang.invoke.DelegatingMethodHandle$Holder.reinvoke_L(java.lang.Object, int, int, java.lang.Object, java.lang.Object, java.lang.Object)'> (0x0000000787f65b38) thrown at [./src/hotspot/share/interpreter/linkResolver.cpp, line 773]
Event: 1.174 Thread 0x00007fa0e99b6800 Exception <a 'java/lang/NoSuchMethodError'{0x0000000787f69ec0}: 'java.lang.Object java.lang.invoke.DirectMethodHandle$Holder.invokeStatic(java.lang.Object, java.lang.Object, java.lang.Object, java.lang.Object, int)'> (0x0000000787f69ec0) thrown at [./src/hotspot/share/interpreter/linkResolver.cpp, line 773]
Event: 1.334 Thread 0x00007fa0e99b6800 Exception <a 'java/lang/NoSuchMethodError'{0x0000000787b2d1e8}: 'java.lang.Object java.lang.invoke.DirectMethodHandle$Holder.invokeStaticInit(java.lang.Object, java.lang.Object, java.lang.Object, java.lang.Object)'> (0x0000000787b2d1e8) thrown at [./src/hotspot/share/interpreter/linkResolver.cpp, line 773]
Event: 1.336 Thread 0x00007fa0e99b6800 Exception <a 'java/lang/NullPointerException'{0x0000000787b38c18}> (0x0000000787b38c18) thrown at [./src/hotspot/share/interpreter/linkResolver.cpp, line 1358]
Event: 1.336 Thread 0x00007fa0e99b6800 Exception <a 'java/lang/NullPointerException'{0x0000000787b38c18}> (0x0000000787b38c18) thrown at [./src/hotspot/share/prims/jvm.cpp, line 1310]
Event: 1.341 Thread 0x00007fa0e99b6800 Exception <a 'java/lang/NoSuchMethodError'{0x0000000787b51f80}: 'void java.lang.invoke.DirectMethodHandle$Holder.invokeSpecial(java.lang.Object, java.lang.Object, java.lang.Object, java.lang.Object, java.lang.Object)'> (0x0000000787b51f80) thrown at [./src/hotspot/share/interpreter/linkResolver.cpp, line 773]
Event: 1.387 Thread 0x00007fa0e99b6800 Exception <a 'java/lang/NoSuchMethodError'{0x0000000787ae1658}: 'java.lang.Object java.lang.invoke.DirectMethodHandle$Holder.invokeSpecial(java.lang.Object, java.lang.Object, java.lang.Object, int, java.lang.Object)'> (0x0000000787ae1658) thrown at [./src/hotspot/share/interpreter/linkResolver.cpp, line 773]
Event: 1.388 Thread 0x00007fa0e99b6800 Exception <a 'java/lang/NoSuchMethodError'{0x0000000787aeb600}: 'java.lang.Object java.lang.invoke.Invokers$Holder.linkToTargetMethod(java.lang.Object, int, java.lang.Object, java.lang.Object)'> (0x0000000787aeb600) thrown at [./src/hotspot/share/interpreter/linkResolver.cpp, line 773]
Event: 1.582 Thread 0x00007fa0e99b6800 Exception <a 'java/lang/NoSuchMethodError'{0x00000007875ee440}: 'void java.lang.invoke.DirectMethodHandle$Holder.invokeStaticInit(java.lang.Object, java.lang.Object)'> (0x00000007875ee440) thrown at [./src/hotspot/share/interpreter/linkResolver.cpp, line 773]
Event: 1.772 Thread 0x00007fa0e99b6800 Exception <a 'java/lang/NoSuchMethodError'{0x0000000787d85748}: 'void java.lang.invoke.DirectMethodHandle$Holder.invokeSpecial(java.lang.Object, java.lang.Object, java.lang.Object, java.lang.Object)'> (0x0000000787d85748) thrown at [./src/hotspot/share/interpreter/linkResolver.cpp, line 773]
Event: 1.869 Thread 0x00007fa0e99b6800 Implicit null exception at 0x000000011806ee95 to 0x000000011806f260
Event: 2.377 Thread 0x00007fa0e99b6800 Exception <a 'java/lang/NoSuchMethodError'{0x0000000787601e68}: 'java.lang.Object java.lang.invoke.Invokers$Holder.linkToTargetMethod(java.lang.Object, int, java.lang.Object)'> (0x0000000787601e68) thrown at [./src/hotspot/share/interpreter/linkResolver.cpp, line 773]
Event: 2.425 Thread 0x00007fa0e99b6800 Exception <a 'java/lang/NoSuchMethodError'{0x000000078766f200}: 'java.lang.Object java.lang.invoke.DirectMethodHandle$Holder.invokeInterface(java.lang.Object, java.lang.Object, java.lang.Object)'> (0x000000078766f200) thrown at [./src/hotspot/share/interpreter/linkResolver.cpp, line 773]
Event: 2.426 Thread 0x00007fa0e99b6800 Exception <a 'java/lang/IncompatibleClassChangeError'{0x00000007876723b8}: Found class java.lang.Object, but interface was expected> (0x00000007876723b8) thrown at [./src/hotspot/share/interpreter/linkResolver.cpp, line 839]
Event: 2.574 Thread 0x00007fa0e99b6800 Exception <a 'java/lang/NoSuchMethodError'{0x00000007874943e8}: 'void java.lang.invoke.DirectMethodHandle$Holder.invokeSpecialIFC(java.lang.Object, java.lang.Object, java.lang.Object, java.lang.Object)'> (0x00000007874943e8) thrown at [./src/hotspot/share/interpreter/linkResolver.cpp, line 773]
Event: 3.110 Thread 0x00007fa0e99b6800 Exception <a 'java/lang/NoSuchMethodError'{0x0000000787b14858}: 'java.lang.Object java.lang.invoke.Invokers$Holder.linkToTargetMethod(java.lang.Object, int, int, java.lang.Object)'> (0x0000000787b14858) thrown at [./src/hotspot/share/interpreter/linkResolver.cpp, line 773]
Event: 3.242 Thread 0x00007fa0e9058000 Exception <a 'java/lang/NoSuchMethodError'{0x0000000787ac62d8}: 'int java.lang.invoke.DirectMethodHandle$Holder.invokeStaticInit(java.lang.Object, java.lang.Object)'> (0x0000000787ac62d8) thrown at [./src/hotspot/share/interpreter/linkResolver.cpp, line 773]
Event: 5.066 Thread 0x00007fa0e99b6800 Exception <a 'java/lang/NoSuchMethodError'{0x00000007879418b8}: 'java.lang.Object java.lang.invoke.DirectMethodHandle$Holder.invokeStatic(java.lang.Object, java.lang.Object, long, int, int, int)'> (0x00000007879418b8) thrown at [./src/hotspot/share/interpreter/linkResolver.cpp, line 773]
Event: 5.067 Thread 0x00007fa0e99b6800 Exception <a 'java/lang/NoSuchMethodError'{0x0000000787955520}: 'java.lang.Object java.lang.invoke.DirectMethodHandle$Holder.invokeStatic(java.lang.Object, java.lang.Object, int, java.lang.Object, long, int, int, int, int)'> (0x0000000787955520) thrown at [./src/hotspot/share/interpreter/linkResolver.cpp, line 773]

Events (20 events):
Event: 5.066 loading class com/sun/glass/ui/mac/MacTouchInputSupport$TouchPoint
Event: 5.066 loading class com/sun/glass/ui/mac/MacTouchInputSupport$TouchPoint done
Event: 5.066 loading class com/sun/javafx/tk/quantum/GlassViewEventHandler
Event: 5.066 loading class com/sun/javafx/tk/quantum/GlassViewEventHandler done
Event: 5.067 loading class com/sun/javafx/tk/quantum/GlassViewEventHandler
Event: 5.067 loading class com/sun/javafx/tk/quantum/GlassViewEventHandler done
Event: 5.067 loading class com/sun/glass/ui/View
Event: 5.067 loading class com/sun/glass/ui/View done
Event: 5.067 loading class com/sun/javafx/tk/quantum/GlassViewEventHandler
Event: 5.067 loading class com/sun/javafx/tk/quantum/GlassViewEventHandler done
Event: 5.068 loading class com/sun/glass/ui/View
Event: 5.068 loading class com/sun/glass/ui/View done
Event: 5.068 loading class com/sun/javafx/tk/quantum/GlassViewEventHandler
Event: 5.068 loading class com/sun/javafx/tk/quantum/GlassViewEventHandler done
Event: 5.069 loading class javafx/scene/input/TouchPoint$State
Event: 5.069 loading class javafx/scene/input/TouchPoint$State done
Event: 5.069 loading class com/sun/javafx/tk/quantum/GlassViewEventHandler
Event: 5.069 loading class com/sun/javafx/tk/quantum/GlassViewEventHandler done
Event: 5.069 loading class com/sun/javafx/tk/quantum/GlassViewEventHandler
Event: 5.069 loading class com/sun/javafx/tk/quantum/GlassViewEventHandler done


Dynamic libraries:
0x000000010125b000 	/Library/Java/JavaVirtualMachines/temurin-11.jdk/Contents/Home/lib/jli/libjli.dylib
0x00007ff831a28000 	/System/Library/Frameworks/Cocoa.framework/Versions/A/Cocoa
0x00007ff81d899000 	/System/Library/Frameworks/AppKit.framework/Versions/C/AppKit
0x00007ff820d95000 	/System/Library/Frameworks/CoreData.framework/Versions/A/CoreData
0x00007ff81bcb0000 	/System/Library/Frameworks/Foundation.framework/Versions/C/Foundation
0x00007ff825b5d000 	/usr/lib/libSystem.B.dylib
0x00007ff81e72b000 	/System/Library/PrivateFrameworks/UIFoundation.framework/Versions/A/UIFoundation
0x00007ff82b9d4000 	/System/Library/PrivateFrameworks/RemoteViewServices.framework/Versions/A/RemoteViewServices
0x00007ff823dbf000 	/System/Library/PrivateFrameworks/XCTTargetBootstrap.framework/Versions/A/XCTTargetBootstrap
0x00007ff82796d000 	/System/Library/PrivateFrameworks/InternationalSupport.framework/Versions/A/InternationalSupport
0x00007ff8279f7000 	/System/Library/PrivateFrameworks/UserActivity.framework/Versions/A/UserActivity
0x00007ff826d4d000 	/usr/lib/libspindump.dylib
0x00007ff81e9b9000 	/System/Library/Frameworks/UniformTypeIdentifiers.framework/Versions/A/UniformTypeIdentifiers
0x00007ff8224f8000 	/usr/lib/libapp_launch_measurement.dylib
0x00007ff821761000 	/System/Library/PrivateFrameworks/CoreAnalytics.framework/Versions/A/CoreAnalytics
0x00007ff8224fb000 	/System/Library/PrivateFrameworks/CoreAutoLayout.framework/Versions/A/CoreAutoLayout
0x00007ff82371b000 	/System/Library/Frameworks/Metal.framework/Versions/A/Metal
0x00007ff824435000 	/usr/lib/liblangid.dylib
0x00007ff823dc3000 	/System/Library/PrivateFrameworks/CoreSVG.framework/Versions/A/CoreSVG
0x00007ff81fd80000 	/System/Library/PrivateFrameworks/SkyLight.framework/Versions/A/SkyLight
0x00007ff820116000 	/System/Library/Frameworks/CoreGraphics.framework/Versions/A/CoreGraphics
0x00007ff82c043000 	/System/Library/Frameworks/Accelerate.framework/Versions/A/Accelerate
0x00007ff8267c8000 	/System/Library/PrivateFrameworks/IconServices.framework/Versions/A/IconServices
0x00007ff823700000 	/System/Library/Frameworks/IOSurface.framework/Versions/A/IOSurface
0x00007ff82178f000 	/usr/lib/libDiagnosticMessagesClient.dylib
0x00007ff825a7d000 	/usr/lib/libz.1.dylib
0x00007ff82f6b4000 	/System/Library/Frameworks/ApplicationServices.framework/Versions/A/ApplicationServices
0x00007ff823dab000 	/System/Library/PrivateFrameworks/DFRFoundation.framework/Versions/A/DFRFoundation
0x00007ff81d18a000 	/usr/lib/libicucore.A.dylib
0x00007ff828692000 	/System/Library/Frameworks/AudioToolbox.framework/Versions/A/AudioToolbox
0x00007ff827979000 	/System/Library/PrivateFrameworks/DataDetectorsCore.framework/Versions/A/DataDetectorsCore
0x00007ff9232d1000 	/System/Library/PrivateFrameworks/TextInput.framework/Versions/A/TextInput
0x00007ff81fd04000 	/usr/lib/libMobileGestalt.dylib
0x00007ff823ab3000 	/System/Library/Frameworks/Carbon.framework/Versions/A/Frameworks/HIToolbox.framework/Versions/A/HIToolbox
0x00007ff821f25000 	/System/Library/Frameworks/QuartzCore.framework/Versions/A/QuartzCore
0x00007ff81ce2a000 	/System/Library/Frameworks/Security.framework/Versions/A/Security
0x00007ff82ba0c000 	/System/Library/Frameworks/Carbon.framework/Versions/A/Frameworks/SpeechRecognition.framework/Versions/A/SpeechRecognition
0x00007ff822258000 	/System/Library/PrivateFrameworks/CoreUI.framework/Versions/A/CoreUI
0x00007ff81c702000 	/System/Library/Frameworks/CoreAudio.framework/Versions/A/CoreAudio
0x00007ff82187d000 	/System/Library/Frameworks/DiskArbitration.framework/Versions/A/DiskArbitration
0x00007ff827134000 	/System/Library/PrivateFrameworks/MultitouchSupport.framework/Versions/A/MultitouchSupport
0x00007ff81fd03000 	/usr/lib/libenergytrace.dylib
0x00007ff81d785000 	/System/Library/Frameworks/IOKit.framework/Versions/A/IOKit
0x00007ff82bdf8000 	/System/Library/Frameworks/CoreServices.framework/Versions/A/CoreServices
0x00007ff822492000 	/System/Library/PrivateFrameworks/PerformanceAnalysis.framework/Versions/A/PerformanceAnalysis
0x00007ffa32aa1000 	/System/Library/Frameworks/OpenGL.framework/Versions/A/OpenGL
0x00007ff8250aa000 	/System/Library/PrivateFrameworks/MobileKeyBag.framework/Versions/A/MobileKeyBag
0x00007ff81ac71000 	/usr/lib/libobjc.A.dylib
0x00007ff8207e2000 	/System/Library/Frameworks/ColorSync.framework/Versions/A/ColorSync
0x00007ff81ae2a000 	/System/Library/Frameworks/CoreFoundation.framework/Versions/A/CoreFoundation
0x00007ff82403c000 	/System/Library/Frameworks/CoreImage.framework/Versions/A/CoreImage
0x00007ff81c518000 	/System/Library/Frameworks/CoreText.framework/Versions/A/CoreText
0x00007ff823df2000 	/System/Library/Frameworks/ImageIO.framework/Versions/A/ImageIO
0x00007ff825b63000 	/System/Library/PrivateFrameworks/SoftLinking.framework/Versions/A/SoftLinking
0x00007ff822543000 	/usr/lib/libxml2.2.dylib
0x00007ff81ad37000 	/usr/lib/libc++.1.dylib
0x00007ff825de7000 	/usr/lib/libcompression.dylib
0x00007ff8278a3000 	/System/Library/PrivateFrameworks/TextureIO.framework/Versions/A/TextureIO
0x00007ff8264da000 	/usr/lib/libate.dylib
0x00007ff825b58000 	/usr/lib/system/libcache.dylib
0x00007ff825b14000 	/usr/lib/system/libcommonCrypto.dylib
0x00007ff825b3d000 	/usr/lib/system/libcompiler_rt.dylib
0x00007ff825b33000 	/usr/lib/system/libcopyfile.dylib
0x00007ff81ab6b000 	/usr/lib/system/libcorecrypto.dylib
0x00007ff81ac2a000 	/usr/lib/system/libdispatch.dylib
0x00007ff81ade9000 	/usr/lib/system/libdyld.dylib
0x00007ff825b4f000 	/usr/lib/system/libkeymgr.dylib
0x00007ff825af2000 	/usr/lib/system/libmacho.dylib
0x00007ff82517e000 	/usr/lib/system/libquarantine.dylib
0x00007ff825b4d000 	/usr/lib/system/libremovefile.dylib
0x00007ff81fd50000 	/usr/lib/system/libsystem_asl.dylib
0x00007ff81ab19000 	/usr/lib/system/libsystem_blocks.dylib
0x00007ff81acae000 	/usr/lib/system/libsystem_c.dylib
0x00007ff825b45000 	/usr/lib/system/libsystem_collections.dylib
0x00007ff824426000 	/usr/lib/system/libsystem_configuration.dylib
0x00007ff8236e3000 	/usr/lib/system/libsystem_containermanager.dylib
0x00007ff82582f000 	/usr/lib/system/libsystem_coreservices.dylib
0x00007ff81d413000 	/usr/lib/system/libsystem_darwin.dylib
0x00007ff825b50000 	/usr/lib/system/libsystem_dnssd.dylib
0x00007ff81acab000 	/usr/lib/system/libsystem_featureflags.dylib
0x00007ff81adff000 	/usr/lib/system/libsystem_info.dylib
0x00007ff825a90000 	/usr/lib/system/libsystem_m.dylib
0x00007ff81abfe000 	/usr/lib/system/libsystem_malloc.dylib
0x00007ff81fced000 	/usr/lib/system/libsystem_networkextension.dylib
0x00007ff81d83b000 	/usr/lib/system/libsystem_notify.dylib
0x00007ff82bccd000 	/usr/lib/system/libsystem_product_info_filter.dylib
0x00007ff82442a000 	/usr/lib/system/libsystem_sandbox.dylib
0x00007ff825b4a000 	/usr/lib/system/libsystem_secinit.dylib
0x00007ff81ada6000 	/usr/lib/system/libsystem_kernel.dylib
0x00007ff81adf5000 	/usr/lib/system/libsystem_platform.dylib
0x00007ff81addd000 	/usr/lib/system/libsystem_pthread.dylib
0x00007ff8215a8000 	/usr/lib/system/libsystem_symptoms.dylib
0x00007ff81ab52000 	/usr/lib/system/libsystem_trace.dylib
0x00007ff825b20000 	/usr/lib/system/libunwind.dylib
0x00007ff81ab1b000 	/usr/lib/system/libxpc.dylib
0x00007ff81ad90000 	/usr/lib/libc++abi.dylib
0x00007ff825b2b000 	/usr/lib/liboah.dylib
0x00007ff8262b8000 	/usr/lib/liblzma.5.dylib
0x00007ff81b9c1000 	/System/Library/Frameworks/SystemConfiguration.framework/Versions/A/SystemConfiguration
0x00007ff825b5f000 	/usr/lib/libfakelink.dylib
0x00007ff81f856000 	/System/Library/Frameworks/CFNetwork.framework/Versions/A/CFNetwork
0x00007ff825c9e000 	/usr/lib/libarchive.2.dylib
0x00007ff824431000 	/System/Library/PrivateFrameworks/AppleSystemInfo.framework/Versions/A/AppleSystemInfo
0x00007ff8251a5000 	/usr/lib/libbsm.0.dylib
0x00007ff81ee8c000 	/usr/lib/libnetwork.dylib
0x00007ff825af8000 	/usr/lib/system/libkxld.dylib
0x00007ff824dd3000 	/System/Library/PrivateFrameworks/IOMobileFramebuffer.framework/Versions/A/IOMobileFramebuffer
0x00007ffb308c6000 	/usr/lib/libCoreEntitlements.dylib
0x00007ff825811000 	/System/Library/PrivateFrameworks/AppleFSCompression.framework/Versions/A/AppleFSCompression
0x00007ff82518d000 	/usr/lib/libcoretls.dylib
0x00007ff8262d2000 	/usr/lib/libcoretls_cfhelpers.dylib
0x00007ff825de2000 	/usr/lib/libpam.2.dylib
0x00007ff8211ca000 	/usr/lib/libsqlite3.dylib
0x00007ff826341000 	/usr/lib/libxar.1.dylib
0x00007ff825821000 	/usr/lib/libbz2.1.0.dylib
0x00007ff825b64000 	/usr/lib/libpcap.A.dylib
0x00007ff82159f000 	/usr/lib/libdns_services.dylib
0x00007ff825db1000 	/usr/lib/libapple_nghttp2.dylib
0x00007ff825b9b000 	/usr/lib/libiconv.2.dylib
0x00007ff825af1000 	/usr/lib/libcharset.1.dylib
0x00007ff8224c6000 	/System/Library/Frameworks/CoreServices.framework/Versions/A/Frameworks/FSEvents.framework/Versions/A/FSEvents
0x00007ff81d41d000 	/System/Library/Frameworks/CoreServices.framework/Versions/A/Frameworks/CarbonCore.framework/Versions/A/CarbonCore
0x00007ff8217e2000 	/System/Library/Frameworks/CoreServices.framework/Versions/A/Frameworks/Metadata.framework/Versions/A/Metadata
0x00007ff825834000 	/System/Library/Frameworks/CoreServices.framework/Versions/A/Frameworks/OSServices.framework/Versions/A/OSServices
0x00007ff825d25000 	/System/Library/Frameworks/CoreServices.framework/Versions/A/Frameworks/SearchKit.framework/Versions/A/SearchKit
0x00007ff821531000 	/System/Library/Frameworks/CoreServices.framework/Versions/A/Frameworks/AE.framework/Versions/A/AE
0x00007ff81b32d000 	/System/Library/Frameworks/CoreServices.framework/Versions/A/Frameworks/LaunchServices.framework/Versions/A/LaunchServices
0x00007ff826269000 	/System/Library/Frameworks/CoreServices.framework/Versions/A/Frameworks/DictionaryServices.framework/Versions/A/DictionaryServices
0x00007ff8224d3000 	/System/Library/Frameworks/CoreServices.framework/Versions/A/Frameworks/SharedFileList.framework/Versions/A/SharedFileList
0x00007ff825181000 	/usr/lib/libCheckFix.dylib
0x00007ff81fd67000 	/System/Library/PrivateFrameworks/TCC.framework/Versions/A/TCC
0x00007ff824437000 	/System/Library/PrivateFrameworks/CoreNLP.framework/Versions/A/CoreNLP
0x00007ff821792000 	/System/Library/PrivateFrameworks/MetadataUtilities.framework/Versions/A/MetadataUtilities
0x00007ff81ba71000 	/usr/lib/libmecabra.dylib
0x00007ff8251b5000 	/usr/lib/libmecab.dylib
0x00007ff81ba3c000 	/usr/lib/libCRFSuite.dylib
0x00007ff825212000 	/usr/lib/libgermantok.dylib
0x00007ff825d8c000 	/usr/lib/libThaiTokenizer.dylib
0x00007ff821884000 	/System/Library/Frameworks/Accelerate.framework/Versions/A/Frameworks/vImage.framework/Versions/A/vImage
0x00007ff82bdcf000 	/System/Library/Frameworks/Accelerate.framework/Versions/A/Frameworks/vecLib.framework/Versions/A/vecLib
0x00007ff826382000 	/System/Library/Frameworks/Accelerate.framework/Versions/A/Frameworks/vecLib.framework/Versions/A/libvMisc.dylib
0x00007ff824bf1000 	/System/Library/Frameworks/Accelerate.framework/Versions/A/Frameworks/vecLib.framework/Versions/A/libvDSP.dylib
0x00007ff81b6a5000 	/System/Library/Frameworks/Accelerate.framework/Versions/A/Frameworks/vecLib.framework/Versions/A/libBLAS.dylib
0x00007ff825ec3000 	/System/Library/Frameworks/Accelerate.framework/Versions/A/Frameworks/vecLib.framework/Versions/A/libLAPACK.dylib
0x00007ff825215000 	/System/Library/Frameworks/Accelerate.framework/Versions/A/Frameworks/vecLib.framework/Versions/A/libLinearAlgebra.dylib
0x00007ff825dca000 	/System/Library/Frameworks/Accelerate.framework/Versions/A/Frameworks/vecLib.framework/Versions/A/libSparseBLAS.dylib
0x00007ff825ebd000 	/System/Library/Frameworks/Accelerate.framework/Versions/A/Frameworks/vecLib.framework/Versions/A/libQuadrature.dylib
0x00007ff824521000 	/System/Library/Frameworks/Accelerate.framework/Versions/A/Frameworks/vecLib.framework/Versions/A/libBNNS.dylib
0x00007ff81b952000 	/System/Library/Frameworks/Accelerate.framework/Versions/A/Frameworks/vecLib.framework/Versions/A/libSparse.dylib
0x00007ff82451a000 	/System/Library/PrivateFrameworks/LinguisticData.framework/Versions/A/LinguisticData
0x00007ff81b907000 	/System/Library/PrivateFrameworks/Lexicon.framework/Versions/A/Lexicon
0x00007ff82637b000 	/usr/lib/libChineseTokenizer.dylib
0x00007ff81c06b000 	/System/Library/PrivateFrameworks/LanguageModeling.framework/Versions/A/LanguageModeling
0x00007ff825d8e000 	/System/Library/PrivateFrameworks/AppleSauce.framework/Versions/A/AppleSauce
0x00007ff824dc1000 	/System/Library/PrivateFrameworks/CoreEmoji.framework/Versions/A/CoreEmoji
0x00007ff825c8d000 	/usr/lib/libcmph.dylib
0x00007ff8224aa000 	/System/Library/Frameworks/OpenDirectory.framework/Versions/A/Frameworks/CFOpenDirectory.framework/Versions/A/CFOpenDirectory
0x00007ff82249e000 	/System/Library/Frameworks/OpenDirectory.framework/Versions/A/OpenDirectory
0x00007ff8262d4000 	/System/Library/PrivateFrameworks/APFS.framework/Versions/A/APFS
0x00007ff8250e2000 	/System/Library/Frameworks/SecurityFoundation.framework/Versions/A/SecurityFoundation
0x00007ff82634f000 	/usr/lib/libutil.dylib
0x00007ff81d748000 	/System/Library/PrivateFrameworks/CoreServicesStore.framework/Versions/A/CoreServicesStore
0x00007ff826353000 	/usr/lib/libxslt.1.dylib
0x00007ff82516f000 	/System/Library/PrivateFrameworks/BackgroundTaskManagement.framework/Versions/A/BackgroundTaskManagement
0x00007ff8277c3000 	/System/Library/Frameworks/ImageIO.framework/Versions/A/Resources/libRadiance.dylib
0x00007ff8277cc000 	/System/Library/Frameworks/ImageIO.framework/Versions/A/Resources/libJPEG.dylib
0x00007ff82771c000 	/System/Library/Frameworks/ImageIO.framework/Versions/A/Resources/libPng.dylib
0x00007ff82773d000 	/System/Library/Frameworks/ImageIO.framework/Versions/A/Resources/libTIFF.dylib
0x00007ff82782c000 	/System/Library/Frameworks/ImageIO.framework/Versions/A/Resources/libGIF.dylib
0x00007ff82704d000 	/System/Library/Frameworks/ImageIO.framework/Versions/A/Resources/libJP2.dylib
0x00007ff82678f000 	/usr/lib/libexpat.1.dylib
0x00007ff827002000 	/System/Library/PrivateFrameworks/AppleJPEG.framework/Versions/A/AppleJPEG
0x00007ff823976000 	/System/Library/PrivateFrameworks/FontServices.framework/libFontParser.dylib
0x00007ff8214db000 	/System/Library/PrivateFrameworks/RunningBoardServices.framework/Versions/A/RunningBoardServices
0x00007ff831fa4000 	/System/Library/PrivateFrameworks/IOSurfaceAccelerator.framework/Versions/A/IOSurfaceAccelerator
0x00007ff827130000 	/System/Library/PrivateFrameworks/WatchdogClient.framework/Versions/A/WatchdogClient
0x00007ff81c15a000 	/System/Library/Frameworks/CoreDisplay.framework/Versions/A/CoreDisplay
0x00007ff823875000 	/System/Library/Frameworks/CoreMedia.framework/Versions/A/CoreMedia
0x00007ff823712000 	/System/Library/PrivateFrameworks/IOAccelerator.framework/Versions/A/IOAccelerator
0x00007ff822626000 	/System/Library/Frameworks/CoreVideo.framework/Versions/A/CoreVideo
0x00007ff825de0000 	/System/Library/Frameworks/MetalPerformanceShaders.framework/Versions/A/MetalPerformanceShaders
0x00007ff82716b000 	/System/Library/Frameworks/VideoToolbox.framework/Versions/A/VideoToolbox
0x00007ff821423000 	/System/Library/PrivateFrameworks/BaseBoard.framework/Versions/A/BaseBoard
0x00007ff8211b0000 	/System/Library/PrivateFrameworks/ProtocolBuffer.framework/Versions/A/ProtocolBuffer
0x00007ff8277bc000 	/System/Library/PrivateFrameworks/GPUWrangler.framework/Versions/A/GPUWrangler
0x00007ff82779f000 	/System/Library/PrivateFrameworks/IOPresentment.framework/Versions/A/IOPresentment
0x00007ff8277c6000 	/System/Library/PrivateFrameworks/DSExternalDisplay.framework/Versions/A/DSExternalDisplay
0x00007ffa32a95000 	/System/Library/Frameworks/OpenGL.framework/Versions/A/Libraries/libCoreFSCache.dylib
0x00007ffb1eb36000 	/System/Library/PrivateFrameworks/GPUCompiler.framework/Versions/31001/Libraries/libGPUCompilerUtils.dylib
0x00007ff827831000 	/System/Library/PrivateFrameworks/CMCaptureCore.framework/Versions/A/CMCaptureCore
0x00007ff826d3b000 	/System/Library/PrivateFrameworks/AppServerSupport.framework/Versions/A/AppServerSupport
0x00007ff828f18000 	/System/Library/PrivateFrameworks/perfdata.framework/Versions/A/perfdata
0x00007ff81c286000 	/System/Library/PrivateFrameworks/AudioToolboxCore.framework/Versions/A/AudioToolboxCore
0x00007ff823852000 	/System/Library/PrivateFrameworks/caulk.framework/Versions/A/caulk
0x00007ff82883c000 	/usr/lib/libAudioStatistics.dylib
0x00007ff91fb5f000 	/System/Library/PrivateFrameworks/SystemPolicy.framework/Versions/A/SystemPolicy
0x00007ff828a91000 	/usr/lib/libSMC.dylib
0x00007ff8318db000 	/System/Library/Frameworks/CoreMIDI.framework/Versions/A/CoreMIDI
0x00007ff8276ec000 	/usr/lib/libAudioToolboxUtility.dylib
0x00007ff91bf71000 	/System/Library/PrivateFrameworks/OSAServicesClient.framework/Versions/A/OSAServicesClient
0x00007ff828f25000 	/usr/lib/libperfcheck.dylib
0x00007ff9205f1000 	/usr/lib/libmis.dylib
0x00007ffa32af1000 	/System/Library/Frameworks/OpenGL.framework/Versions/A/Libraries/libGLU.dylib
0x00007ffa32ab4000 	/System/Library/Frameworks/OpenGL.framework/Versions/A/Libraries/libGFXShared.dylib
0x00007ffa32cc2000 	/System/Library/Frameworks/OpenGL.framework/Versions/A/Libraries/libGL.dylib
0x00007ffa32abd000 	/System/Library/Frameworks/OpenGL.framework/Versions/A/Libraries/libGLImage.dylib
0x00007ffa32ab1000 	/System/Library/Frameworks/OpenGL.framework/Versions/A/Libraries/libCVMSPluginSupport.dylib
0x00007ffa32a9c000 	/System/Library/Frameworks/OpenGL.framework/Versions/A/Libraries/libCoreVMClient.dylib
0x00007ff8243b5000 	/System/Library/Frameworks/MetalPerformanceShaders.framework/Versions/A/Frameworks/MPSCore.framework/Versions/A/MPSCore
0x00007ff82577c000 	/System/Library/Frameworks/MetalPerformanceShaders.framework/Versions/A/Frameworks/MPSImage.framework/Versions/A/MPSImage
0x00007ff82522b000 	/System/Library/Frameworks/MetalPerformanceShaders.framework/Versions/A/Frameworks/MPSNeuralNetwork.framework/Versions/A/MPSNeuralNetwork
0x00007ff8256a0000 	/System/Library/Frameworks/MetalPerformanceShaders.framework/Versions/A/Frameworks/MPSMatrix.framework/Versions/A/MPSMatrix
0x00007ff82545c000 	/System/Library/Frameworks/MetalPerformanceShaders.framework/Versions/A/Frameworks/MPSRayIntersector.framework/Versions/A/MPSRayIntersector
0x00007ff8256d9000 	/System/Library/Frameworks/MetalPerformanceShaders.framework/Versions/A/Frameworks/MPSNDArray.framework/Versions/A/MPSNDArray
0x00007ffa376b6000 	/System/Library/Frameworks/MetalPerformanceShaders.framework/Versions/A/Frameworks/MPSFunctions.framework/Versions/A/MPSFunctions
0x00007ff81b588000 	/System/Library/PrivateFrameworks/MetalTools.framework/Versions/A/MetalTools
0x00007ff82442f000 	/System/Library/PrivateFrameworks/AggregateDictionary.framework/Versions/A/AggregateDictionary
0x00007ff826571000 	/usr/lib/libIOReport.dylib
0x00007ffa340d1000 	/System/Library/Frameworks/OpenCL.framework/Versions/A/OpenCL
0x00007ff8268d5000 	/System/Library/PrivateFrameworks/FaceCore.framework/Versions/A/FaceCore
0x00007ff8268c6000 	/System/Library/PrivateFrameworks/GraphVisualizer.framework/Versions/A/GraphVisualizer
0x00007ffb1ea41000 	/System/Library/PrivateFrameworks/FontServices.framework/Versions/A/FontServices
0x00007ff826cf2000 	/System/Library/PrivateFrameworks/OTSVG.framework/Versions/A/OTSVG
0x00007ff82220e000 	/System/Library/Frameworks/ApplicationServices.framework/Versions/A/Frameworks/ATS.framework/Versions/A/Resources/libFontRegistry.dylib
0x00007ff826d43000 	/System/Library/PrivateFrameworks/FontServices.framework/libhvf.dylib
0x00007ffb1ea42000 	/System/Library/PrivateFrameworks/FontServices.framework/libXTFontStaticRegistryData.dylib
0x00007ff82673f000 	/System/Library/PrivateFrameworks/AppleVA.framework/Versions/A/AppleVA
0x00007ff828860000 	/System/Library/Frameworks/ApplicationServices.framework/Versions/A/Frameworks/ATS.framework/Versions/A/ATS
0x00007ff8208de000 	/System/Library/Frameworks/ApplicationServices.framework/Versions/A/Frameworks/HIServices.framework/Versions/A/HIServices
0x00007ff82783b000 	/System/Library/Frameworks/ApplicationServices.framework/Versions/A/Frameworks/PrintCore.framework/Versions/A/PrintCore
0x00007ff828be4000 	/System/Library/Frameworks/ApplicationServices.framework/Versions/A/Frameworks/QD.framework/Versions/A/QD
0x00007ff828bdc000 	/System/Library/Frameworks/ApplicationServices.framework/Versions/A/Frameworks/ColorSyncLegacy.framework/Versions/A/ColorSyncLegacy
0x00007ff828850000 	/System/Library/Frameworks/ApplicationServices.framework/Versions/A/Frameworks/SpeechSynthesis.framework/Versions/A/SpeechSynthesis
0x00007ff8277fc000 	/System/Library/Frameworks/ApplicationServices.framework/Versions/A/Frameworks/ATSUI.framework/Versions/A/ATSUI
0x00007ff828b71000 	/usr/lib/libcups.2.dylib
0x00007ff828f34000 	/System/Library/Frameworks/Kerberos.framework/Versions/A/Kerberos
0x00007ff828f43000 	/System/Library/Frameworks/GSS.framework/Versions/A/GSS
0x00007ff8288cc000 	/usr/lib/libresolv.9.dylib
0x00007ff826d52000 	/System/Library/PrivateFrameworks/Heimdal.framework/Versions/A/Heimdal
0x00007ff82fa31000 	/System/Library/Frameworks/Kerberos.framework/Versions/A/Libraries/libHeimdalProxy.dylib
0x00007ff8215b0000 	/System/Library/Frameworks/Network.framework/Versions/A/Network
0x00007ff8267a9000 	/usr/lib/libheimdal-asn1.dylib
0x00007ff828f8f000 	/System/Library/PrivateFrameworks/CommonAuth.framework/Versions/A/CommonAuth
0x00007ff8287cd000 	/System/Library/PrivateFrameworks/AudioSession.framework/Versions/A/AudioSession
0x00007ff826839000 	/System/Library/PrivateFrameworks/MediaExperience.framework/Versions/A/MediaExperience
0x00007ff828661000 	/System/Library/PrivateFrameworks/AudioSession.framework/libSessionUtility.dylib
0x00007ff828bf0000 	/System/Library/PrivateFrameworks/AudioResourceArbitration.framework/Versions/A/AudioResourceArbitration
0x00007ff82cbe2000 	/System/Library/PrivateFrameworks/PowerLog.framework/Versions/A/PowerLog
0x00007ff8267b2000 	/System/Library/PrivateFrameworks/IconFoundation.framework/Versions/A/IconFoundation
0x00007ff82b9fc000 	/System/Library/PrivateFrameworks/SpeechRecognitionCore.framework/Versions/A/SpeechRecognitionCore
0x0000000102022000 	/Library/Java/JavaVirtualMachines/temurin-11.jdk/Contents/Home/lib/server/libjvm.dylib
0x000000010128a000 	/Library/Java/JavaVirtualMachines/temurin-11.jdk/Contents/Home/lib/libverify.dylib
0x00000001012c7000 	/Library/Java/JavaVirtualMachines/temurin-11.jdk/Contents/Home/lib/libjava.dylib
0x000000010129b000 	/Library/Java/JavaVirtualMachines/temurin-11.jdk/Contents/Home/lib/libjimage.dylib
0x00000001012b4000 	/Library/Java/JavaVirtualMachines/temurin-11.jdk/Contents/Home/lib/libzip.dylib
0x0000000101d6d000 	/Library/Java/JavaVirtualMachines/temurin-11.jdk/Contents/Home/lib/libnio.dylib
0x0000000101d99000 	/Library/Java/JavaVirtualMachines/temurin-11.jdk/Contents/Home/lib/libnet.dylib
0x0000000101d80000 	/Users/valentina/.openjfx/cache/11/libprism_es2.dylib
0x00007ff81d709000 	/System/Library/PrivateFrameworks/CoreServicesInternal.framework/Versions/A/CoreServicesInternal
0x00007ffa32ccd000 	/System/Library/Frameworks/OpenGL.framework/Versions/A/Resources/GLEngine.bundle/GLEngine
0x00007ffa32b2f000 	/System/Library/Frameworks/OpenGL.framework/Versions/A/Libraries/libGLProgrammability.dylib
0x00007ffa2a801000 	/System/Library/Extensions/AppleIntelBDWGraphicsGLDriver.bundle/Contents/MacOS/AppleIntelBDWGraphicsGLDriver
0x00007ff92a4d5000 	/System/Library/PrivateFrameworks/GPUSupport.framework/Versions/A/Libraries/libGPUSupportMercury.dylib
0x00007ffa32e5c000 	/System/Library/Frameworks/OpenGL.framework/Versions/A/Resources/GLRendererFloat.bundle/GLRendererFloat
0x00000001103b2000 	/Users/valentina/.openjfx/cache/11/libglass.dylib
0x00007ff82d1d3000 	/System/Library/Frameworks/FileProvider.framework/Versions/A/FileProvider
0x00007ff82138f000 	/System/Library/Frameworks/Accounts.framework/Versions/A/Accounts
0x00007ff82d34b000 	/System/Library/PrivateFrameworks/GenerationalStorage.framework/Versions/A/GenerationalStorage
0x00007ff82de5d000 	/System/Library/PrivateFrameworks/CoreSymbolication.framework/Versions/A/CoreSymbolication
0x00007ff82cbd7000 	/System/Library/PrivateFrameworks/SymptomDiagnosticReporter.framework/Versions/A/SymptomDiagnosticReporter
0x00007ff81e9cd000 	/System/Library/PrivateFrameworks/DesktopServicesPriv.framework/Versions/A/DesktopServicesPriv
0x00007ff81d84a000 	/usr/lib/libsandbox.1.dylib
0x00007ff8226a5000 	/System/Library/PrivateFrameworks/UserManagement.framework/Versions/A/UserManagement
0x00007ff82de22000 	/System/Library/PrivateFrameworks/DebugSymbols.framework/Versions/A/DebugSymbols
0x00007ff828bd1000 	/System/Library/PrivateFrameworks/NetAuth.framework/Versions/A/NetAuth
0x00007ff829ac0000 	/System/Library/PrivateFrameworks/Sharing.framework/Versions/A/Sharing
0x00007ff822678000 	/System/Library/PrivateFrameworks/login.framework/Versions/A/Frameworks/loginsupport.framework/Versions/A/loginsupport
0x00007ff82ef63000 	/System/Library/PrivateFrameworks/Apple80211.framework/Versions/A/Apple80211
0x00007ff825861000 	/System/Library/PrivateFrameworks/AuthKit.framework/Versions/A/AuthKit
0x00007ff824eb7000 	/System/Library/PrivateFrameworks/CoreUtils.framework/Versions/A/CoreUtils
0x00007ff824dde000 	/System/Library/Frameworks/CoreWLAN.framework/Versions/A/CoreWLAN
0x00007ff829c1b000 	/System/Library/Frameworks/IOBluetooth.framework/Versions/A/IOBluetooth
0x00007ff82efcb000 	/System/Library/PrivateFrameworks/CoreWiFi.framework/Versions/A/CoreWiFi
0x00007ff82d9f7000 	/System/Library/PrivateFrameworks/FrontBoardServices.framework/Versions/A/FrontBoardServices
0x00007ff82da89000 	/System/Library/PrivateFrameworks/BoardServices.framework/Versions/A/BoardServices
0x00007ff8250d1000 	/System/Library/PrivateFrameworks/AssertionServices.framework/Versions/A/AssertionServices
0x00007ff82f14f000 	/System/Library/PrivateFrameworks/BackBoardServices.framework/Versions/A/BackBoardServices
0x00007ff82901e000 	/System/Library/PrivateFrameworks/CorePhoneNumbers.framework/Versions/A/CorePhoneNumbers
0x00007ff82ccf4000 	/System/Library/PrivateFrameworks/DiskManagement.framework/Versions/A/DiskManagement
0x00007ff82cc08000 	/System/Library/PrivateFrameworks/AppleIDAuthSupport.framework/Versions/A/AppleIDAuthSupport
0x00007ffa3966f000 	/System/Library/PrivateFrameworks/AAAFoundation.framework/Versions/A/AAAFoundation
0x00007ff828fff000 	/System/Library/PrivateFrameworks/KeychainCircle.framework/Versions/A/KeychainCircle
0x00007ff82ccc0000 	/System/Library/PrivateFrameworks/MediaKit.framework/Versions/A/MediaKit
0x00007ff82cc14000 	/System/Library/Frameworks/DiscRecording.framework/Versions/A/DiscRecording
0x00007ff8266b7000 	/usr/lib/libCoreStorage.dylib
0x00007ff82f43e000 	/usr/lib/libcsfde.dylib
0x00007ff829ce8000 	/System/Library/PrivateFrameworks/ProtectedCloudStorage.framework/Versions/A/ProtectedCloudStorage
0x00007ff82f43a000 	/System/Library/PrivateFrameworks/EFILogin.framework/Versions/A/EFILogin
0x00007ff82d371000 	/System/Library/PrivateFrameworks/OctagonTrust.framework/Versions/A/OctagonTrust
0x00007ffb1dd63000 	/System/Library/PrivateFrameworks/CoreUtilsExtras.framework/Versions/A/CoreUtilsExtras
0x00007ff82cb4a000 	/System/Library/Frameworks/CoreBluetooth.framework/Versions/A/CoreBluetooth
0x00007ff82fab6000 	/System/Library/Frameworks/AudioUnit.framework/Versions/A/AudioUnit
0x00007ff8266af000 	/usr/lib/libMatch.1.dylib
0x00007ff924a55000 	/System/Library/Frameworks/Accelerate.framework/Versions/A/Frameworks/vImage.framework/Versions/A/Libraries/libCGInterfaces.dylib
0x000000011047a000 	/usr/lib/libobjc-trampolines.dylib
0x00007ff82239e000 	/System/Library/PrivateFrameworks/ViewBridge.framework/Versions/A/ViewBridge
0x0000000128237000 	/Users/valentina/.openjfx/cache/11/libjavafx_font.dylib
0x00007ff826e0c000 	/System/Library/PrivateFrameworks/login.framework/Versions/A/login
0x00007ffb309d8000 	/usr/lib/libRosetta.dylib


VM Arguments:
jvm_args: -Dfile.encoding=UTF-8 
java_command: it.polito.tdp.crimes.Main
java_class_path (initial): /Users/valentina/git/DenverCrimes/target/classes:/Users/valentina/.m2/repository/org/openjfx/javafx-controls/11/javafx-controls-11.jar:/Users/valentina/.m2/repository/org/openjfx/javafx-controls/11/javafx-controls-11-mac.jar:/Users/valentina/.m2/repository/org/openjfx/javafx-graphics/11/javafx-graphics-11.jar:/Users/valentina/.m2/repository/org/openjfx/javafx-graphics/11/javafx-graphics-11-mac.jar:/Users/valentina/.m2/repository/org/openjfx/javafx-base/11/javafx-base-11.jar:/Users/valentina/.m2/repository/org/openjfx/javafx-base/11/javafx-base-11-mac.jar:/Users/valentina/.m2/repository/org/openjfx/javafx-fxml/11/javafx-fxml-11.jar:/Users/valentina/.m2/repository/org/openjfx/javafx-fxml/11/javafx-fxml-11-mac.jar:/Users/valentina/.m2/repository/com/zaxxer/HikariCP/3.4.2/HikariCP-3.4.2.jar:/Users/valentina/.m2/repository/org/jgrapht/jgrapht-core/1.5.1/jgrapht-core-1.5.1.jar:/Users/valentina/.m2/repository/org/jheaps/jheaps/0.13/jheaps-0.13.jar:/Users/valentina/.m2/repository/org/mariadb/jdbc/mariadb-java-client/2.5.4/mariadb-java-client-2.5.4.jar:/Users/valentina/.m2/repository/org/slf4j/slf4j-api/1.7.30/slf4j-api-1.7.30.jar:/Users/valentina/.m2/repository/org/slf4j/slf4j-simple/1.7.30/slf4j-simple-1.7.30.jar
Launcher Type: SUN_STANDARD

[Global flags]
     intx CICompilerCount                          = 3                                         {product} {ergonomic}
     uint ConcGCThreads                            = 1                                         {product} {ergonomic}
     uint G1ConcRefinementThreads                  = 4                                         {product} {ergonomic}
   size_t G1HeapRegionSize                         = 1048576                                   {product} {ergonomic}
    uintx GCDrainStackTargetSize                   = 64                                        {product} {ergonomic}
   size_t InitialHeapSize                          = 134217728                                 {product} {ergonomic}
   size_t MarkStackSize                            = 4194304                                   {product} {ergonomic}
   size_t MaxHeapSize                              = 2147483648                                {product} {ergonomic}
   size_t MaxNewSize                               = 1287651328                                {product} {ergonomic}
   size_t MinHeapDeltaBytes                        = 1048576                                   {product} {ergonomic}
    uintx NonNMethodCodeHeapSize                   = 5830732                                {pd product} {ergonomic}
    uintx NonProfiledCodeHeapSize                  = 122913754                              {pd product} {ergonomic}
    uintx ProfiledCodeHeapSize                     = 122913754                              {pd product} {ergonomic}
    uintx ReservedCodeCacheSize                    = 251658240                              {pd product} {ergonomic}
     bool SegmentedCodeCache                       = true                                      {product} {ergonomic}
     bool UseCompressedClassPointers               = true                                 {lp64_product} {ergonomic}
     bool UseCompressedOops                        = true                                 {lp64_product} {ergonomic}
     bool UseG1GC                                  = true                                      {product} {ergonomic}

Logging:
Log output configuration:
 #0: stdout all=warning uptime,level,tags
 #1: stderr all=off uptime,level,tags

Environment Variables:
PATH=/usr/bin:/bin:/usr/sbin:/sbin
SHELL=/bin/bash

Signal Handlers:
SIGSEGV: [libjvm.dylib+0x7c69d4], sa_mask[0]=11111111011111110111111111111111, sa_flags=SA_ONSTACK|SA_RESTART|SA_SIGINFO
SIGBUS: [libjvm.dylib+0x7c69d4], sa_mask[0]=11111111011111110111111111111111, sa_flags=SA_RESTART|SA_SIGINFO
SIGFPE: [libjvm.dylib+0x7c69d4], sa_mask[0]=11111111011111110111111111111111, sa_flags=SA_RESTART|SA_SIGINFO
SIGPIPE: [libjvm.dylib+0x62b2ae], sa_mask[0]=11111111011111110111111111111111, sa_flags=SA_RESTART|SA_SIGINFO
SIGXFSZ: [libjvm.dylib+0x62b2ae], sa_mask[0]=11111111011111110111111111111111, sa_flags=SA_RESTART|SA_SIGINFO
SIGILL: [libjvm.dylib+0x7c69d4], sa_mask[0]=11111111011111110111111111111111, sa_flags=SA_RESTART|SA_SIGINFO
SIGUSR2: [libjvm.dylib+0x62b895], sa_mask[0]=00100000000000000000000000000000, sa_flags=SA_RESTART|SA_SIGINFO
SIGHUP: [libjvm.dylib+0x62a477], sa_mask[0]=11111111011111110111111111111111, sa_flags=SA_RESTART|SA_SIGINFO
SIGINT: [libjvm.dylib+0x62a477], sa_mask[0]=11111111011111110111111111111111, sa_flags=SA_RESTART|SA_SIGINFO
SIGTERM: [libjvm.dylib+0x62a477], sa_mask[0]=11111111011111110111111111111111, sa_flags=SA_RESTART|SA_SIGINFO
SIGQUIT: [libjvm.dylib+0x62a477], sa_mask[0]=11111111011111110111111111111111, sa_flags=SA_RESTART|SA_SIGINFO


---------------  S Y S T E M  ---------------

OS:uname:Darwin 21.3.0 Darwin Kernel Version 21.3.0: Wed Jan  5 21:37:58 PST 2022; root:xnu-8019.80.24~20/RELEASE_X86_64 x86_64
OS uptime: 5 days 19:14 hours
rlimit (soft/hard): STACK 8192k/65532k , CORE 0k/infinity , NPROC 1392/2088 , NOFILE 10240/infinity , AS infinity/infinity , CPU infinity/infinity , DATA infinity/infinity , FSIZE infinity/infinity , MEMLOCK infinity/infinity , RSS infinity/infinity
load average:5.80 4.11 3.84

CPU:total 4 (initial active 4) (2 cores per cpu, 2 threads per core) family 6 model 61 stepping 4 microcode 0x2f, cmov, cx8, fxsr, mmx, sse, sse2, sse3, ssse3, sse4.1, sse4.2, popcnt, avx, avx2, aes, clmul, erms, 3dnowpref, lzcnt, ht, tsc, tscinvbit, bmi1, bmi2, adx, fma

Memory: 4k page, physical 8388608k(289288k free), swap 4194304k(352256k free)

vm_info: OpenJDK 64-Bit Server VM (11.0.14.1+1) for bsd-amd64 JRE (11.0.14.1+1), built on Feb  8 2022 17:43:13 by "jenkins" with clang 4.2.1 Compatible Apple LLVM 10.0.1 (clang-1001.0.46.4)

END.
